#
# There is insufficient memory for the Java Runtime Environment to continue.
# Native memory allocation (mmap) failed to map 132120576 bytes for G1 virtual space
# Possible reasons:
#   The system is out of physical RAM or swap space
#   The process is running with CompressedOops enabled, and the Java Heap may be blocking the growth of the native heap
# Possible solutions:
#   Reduce memory load on the system
#   Increase physical memory or swap space
#   Check if swap backing store is full
#   Decrease Java heap size (-Xmx/-Xms)
#   Decrease number of Java threads
#   Decrease Java thread stack sizes (-Xss)
#   Set larger code cache with -XX:ReservedCodeCacheSize=
#   JVM is running with Unscaled Compressed Oops mode in which the Java heap is
#     placed in the first 4GB address space. The Java Heap base address is the
#     maximum limit for the native heap growth. Please use -XX:HeapBaseMinAddress
#     to set the Java Heap base and to place the Java Heap above 4GB virtual address.
# This output file may be truncated or incomplete.
#
#  Out of Memory Error (os_windows.cpp:3613), pid=22544, tid=7384
#
# JRE version:  (17.0.10+7) (build )
# Java VM: OpenJDK 64-Bit Server VM (17.0.10+7, mixed mode, sharing, tiered, compressed oops, compressed class ptrs, g1 gc, windows-amd64)
# No core dump will be written. Minidumps are not enabled by default on client versions of Windows
#

---------------  S U M M A R Y ------------

Command Line: c:\Users\hp\.vscode\extensions\open-liberty.liberty-dev-vscode-ext-24.0.3\jars\org.eclipse.lsp4jakarta.ls-0.2.1-jar-with-dependencies.jar

Host: Intel(R) Core(TM) i5-8365U CPU @ 1.60GHz, 8 cores, 7G,  Windows 11 , 64 bit Build 22621 (10.0.22621.3527)
Time: Fri May 17 12:18:58 2024 Paris, Madrid (heure duild 22621 (10.0.22621.3527) elapsed time: 0.025222 seconds (0d 0h 0m 0s)

---------------  T H R E A D  ---------------

Current thread (0x000002114b85c470):  JavaThread "Unknown thread" [_thread_in_vm, id=7384, stack(0x0000003046900000,0x0000003046a00000)]

Stack: [0x0000003046900000,0x0000003046a00000]
Native frames: (J=compiled Java code, j=interpreted, Vv=VM code, C=native code)
V  [jvm.dll+0x67d2c9]
V  [jvm.dll+0x834afa]
V  [jvm.dll+0x8365be]
V  [jvm.dll+0x836c23]
V  [jvm.dll+0x2477ff]
V  [jvm.dll+0x67a109]
V  [jvm.dll+0x66eb7a]
V  [jvm.dll+0x30764b]
V  [jvm.dll+0x30eaf6]
V  [jvm.dll+0x35e83e]
V  [jvm.dll+0x35ea6f]
V  [jvm.dll+0x2de248]
V  [jvm.dll+0x2df1b4]
V  [jvm.dll+0x806361]
V  [jvm.dll+0x36c6f1]
V  [jvm.dll+0x7e4e06]
V  [jvm.dll+0x3eff3f]
V  [jvm.dll+0x3f1b71]
C  [jli.dll+0x528f]
C  [ucrtbase.dll+0x29333]
C  [KERNEL32.DLL+0x1257d]
C  [ntdll.dll+0x5aa48]


---------------  P R O C E S S  ---------------

Threads class SMR info:
_java_thread_list=0x00007ff9edb7ee98, length=0, elements={
}

Java Threads: ( => current thread )

Other Threads:
  0x000002114b8b6040 GCTaskThread "GC Thread#0" [stack: 0x0000003046a00000,0x0000003046b00000] [id=1328]
  0x000002114b8c6990 ConcurrentGCThread "G1 Main Marker" [stack: 0x0000003046b00000,0x0000003046c00000] [id=10360]
  0x000002114b8c73b0 ConcurrentGCThread "G1 Conc#0" [stack: 0x0000003046c00000,0x0000003046d00000] [id=4016]

[error occurred during error reporting (printing all threads), id 0xc0000005, EXCEPTION_ACCESS_VIOLATION (0xc0000005) at pc=0x00007ff9ed33ec87]

VM state: not at safepoint (not fully initialized)

VM Mutex/Monitor currently owned by a thread:  ([mutex/lock_event])
[0x000002114b857fa0] Heap_lock - owner thread: 0x000002114b85c470

Heap address: 0x0000000083000000, size: 2000 MB, Compressed Oops mode: 32-bit

CDS archive(s) mapped at: [0x0000000000000000-0x0000000000000000-0x0000000000000000), size 0, SharedBaseAddress: 0x0000000800000000, ArchiveRelocationMode: 1.
Narrow klass base: 0x0000000000000000, Narrow klass shift: 0, Narrow klass range: 0x0

GC Precious Log:
<Empty>

Heap:
 garbage-first heap   total 0K, used 0K [0x0000000083000000, 0x0000000100000000)
  region size 1024K, 0 young (0K), 0 survivors (0K)

[error occurred during error reporting (printing heap information), id 0xc0000005, EXCEPTION_ACCESS_VIOLATION (0xc0000005) at pc=0x00007ff9ed726fb9]

GC Heap History (0 events):
No events

Dll operation events (1 events):
Event: 0.015 Loaded shared library c:\Users\hp\.vscode\extensions\redhat.java-1.30.0-win32-x64\jre\17.0.10-win32-x86_64\bin\java.dll

Deoptimization events (0 events):
No events

Classes unloaded (0 events):
No events

Classes redefined (0 events):
No events

Internal exceptions (0 events):
No events

VM Operations (0 events):
No events

Events (0 events):
No events


Dynamic libraries:
0x00007ff797d20000 - 0x00007ff797d2e000 	c:\Users\hp\.vscode\extensions\redhat.java-1.30.0-win32-x64\jre\17.0.10-win32-x86_64\bin\java.exe
0x00007ffa7ead0000 - 0x00007ffa7ece7000 	C:\WINDOWS\SYSTEM32\ntdll.dll
0x00007ffa7dac0000 - 0x00007ffa7db84000 	C:\WINDOWS\System32\KERNEL32.DLL
0x00007ffa7bf10000 - 0x00007ffa7c2b7000 	C:\WINDOWS\System32\KERNELBASE.dll
0x00007ffa7bdf0000 - 0x00007ffa7bf01000 	C:\WINDOWS\System32\ucrtbase.dll
0x00007ffa5e6e0000 - 0x00007ffa5e6fb000 	c:\Users\hp\.vscode\extensions\redhat.java-1.30.0-win32-x64\jre\17.0.10-win32-x86_64\bin\VCRUNTIME140.dll
0x00007ffa5fcc0000 - 0x00007ffa5fcd7000 	c:\Users\hp\.vscode\extensions\redhat.java-1.30.0-win32-x64\jre\17.0.10-win32-x86_64\bin\jli.dll
0x00007ffa7ca30000 - 0x00007ffa7cbde000 	C:\WINDOWS\System32\USER32.dll
0x00007ffa5fff0000 - 0x00007ffa60283000 	C:\WINDOWS\WinSxS\amd64_microsoft.windows.common-controls_6595b64144ccf1df_6.0.22621.3527_none_270e469b73872a76\COMCTL32.dll
0x00007ffa7c2c0000 - 0x00007ffa7c2e6000 	C:\WINDOWS\System32\win32u.dll
0x00007ffa7de20000 - 0x00007ffa7dec7000 	C:\WINDOWS\System32\msvcrt.dll
0x00007ffa7e200000 - 0x00007ffa7e229000 	C:\WINDOWS\System32\GDI32.dll
0x00007ffa7c2f0000 - 0x00007ffa7c409000 	C:\WINDOWS\System32\gdi32full.dll
0x00007ffa7c540000 - 0x00007ffa7c5da000 	C:\WINDOWS\System32\msvcp_win.dll
0x00007ffa7dde0000 - 0x00007ffa7de11000 	C:\WINDOWS\System32\IMM32.DLL
0x00007ffa65860000 - 0x00007ffa6586c000 	c:\Users\hp\.vscode\extensions\redhat.java-1.30.0-win32-x64\jre\17.0.10-win32-x86_64\bin\vcruntime140_1.dll
0x00007ffa46c20000 - 0x00007ffa46cad000 	c:\Users\hp\.vscode\extensions\redhat.java-1.30.0-win32-x64\jre\17.0.10-win32-x86_64\bin\msvcp140.dll
0x00007ff9ed050000 - 0x00007ff9edcb2000 	c:\Users\hp\.vscode\extensions\redhat.java-1.30.0-win32-x64\jre\17.0.10-win32-x86_64\bin\server\jvm.dll
0x00007ffa7ded0000 - 0x00007ffa7df82000 	C:\WINDOWS\System32\ADVAPI32.dll
0x00007ffa7da10000 - 0x00007ffa7dab8000 	C:\WINDOWS\System32\sechost.dll
0x00007ffa7c750000 - 0x00007ffa7c778000 	C:\WINDOWS\System32\bcrypt.dll
0x00007ffa7d010000 - 0x00007ffa7d125000 	C:\WINDOWS\System32\RPCRT4.dll
0x00007ffa7bcb0000 - 0x00007ffa7bcfd000 	C:\WINDOWS\SYSTEM32\POWRPROF.dll
0x00007ffa62e00000 - 0x00007ffa62e09000 	C:\WINDOWS\SYSTEM32\WSOCK32.dll
0x00007ffa7db90000 - 0x00007ffa7dc01000 	C:\WINDOWS\System32\WS2_32.dll
0x00007ffa762e0000 - 0x00007ffa76314000 	C:\WINDOWS\SYSTEM32\WINMM.dll
0x00007ffa6dfd0000 - 0x00007ffa6dfda000 	C:\WINDOWS\SYSTEM32\VERSION.dll
0x00007ffa7bc90000 - 0x00007ffa7bca3000 	C:\WINDOWS\SYSTEM32\UMPDC.dll
0x00007ffa7add0000 - 0x00007ffa7ade8000 	C:\WINDOWS\SYSTEM32\kernel.appcore.dll
0x00007ffa640f0000 - 0x00007ffa640fa000 	c:\Users\hp\.vscode\extensions\redhat.java-1.30.0-win32-x64\jre\17.0.10-win32-x86_64\bin\jimage.dll
0x00007ffa6e220000 - 0x00007ffa6e452000 	C:\WINDOWS\SYSTEM32\DBGHELP.DLL
0x00007ffa7cc60000 - 0x00007ffa7cfe8000 	C:\WINDOWS\System32\combase.dll
0x00007ffa7dca0000 - 0x00007ffa7dd77000 	C:\WINDOWS\System32\OLEAUT32.dll
0x00007ffa6e1d0000 - 0x00007ffa6e202000 	C:\WINDOWS\SYSTEM32\dbgcore.DLL
0x00007ffa7c780000 - 0x00007ffa7c7f9000 	C:\WINDOWS\System32\bcryptPrimitives.dll
0x00007ffa57c30000 - 0x00007ffa57c55000 	c:\Users\hp\.vscode\extensions\redhat.java-1.30.0-win32-x64\jre\17.0.10-win32-x86_64\bin\java.dll

dbghelp: loaded successfully - version: 4.0.5 - missing functions: none
symbol engine: initialized successfully - sym options: 0x614 - pdb path: .;c:\Users\hp\.vscode\extensions\redhat.java-1.30.0-win32-x64\jre\17.0.10-win32-x86_64\bin;C:\WINDOWS\SYSTEM32;C:\WINDOWS\WinSxS\amd64_microsoft.windows.common-controls_6595b64144ccf1df_6.0.22621.3527_none_270e469b73872a76;c:\Users\hp\.vscode\extensions\redhat.java-1.30.0-win32-x64\jre\17.0.10-win32-x86_64\bin\server

VM Arguments:
java_command: c:\Users\hp\.vscode\extensions\open-liberty.liberty-dev-vscode-ext-24.0.3\jars\org.eclipse.lsp4jakarta.ls-0.2.1-jar-with-dependencies.jar
java_class_path (initial): c:\Users\hp\.vscode\extensions\open-liberty.liberty-dev-vscode-ext-24.0.3\jars\org.eclipse.lsp4jakarta.ls-0.2.1-jar-with-dependencies.jar
Launcher Type: SUN_STANDARD

[Global flags]
     intx CICompilerCount                          = 4                                         {product} {ergonomic}
     uint ConcGCThreads                            = 2                                         {product} {ergonomic}
     uint G1ConcRefinementThreads                  = 8                                         {product} {ergonomic}
   size_t G1HeapRegionSize                         = 1048576                                   {product} {ergonomic}
    uintx GCDrainStackTargetSize                   = 64                                        {product} {ergonomic}
   size_t InitialHeapSize                          = 132120576                                 {product} {ergonomic}
   size_t MarkStackSize                            = 4194304                                   {product} {ergonomic}
   size_t MaxHeapSize                              = 2097152000                                {product} {ergonomic}
   size_t MinHeapDeltaBytes                        = 1048576                                   {product} {ergonomic}
   size_t MinHeapSize                              = 8388608                                   {product} {ergonomic}
    uintx NonNMethodCodeHeapSize                   = 5839372                                {pd product} {ergonomic}
    uintx NonProfiledCodeHeapSize                  = 122909434                              {pd product} {ergonomic}
    uintx ProfiledCodeHeapSize                     = 122909434                              {pd product} {ergonomic}
    uintx ReservedCodeCacheSize                    = 251658240                              {pd product} {ergonomic}
     bool SegmentedCodeCache                       = true                                      {product} {ergonomic}
   size_t SoftMaxHeapSize                          = 2097152000                             {manageable} {ergonomic}
     bool UseCompressedClassPointers               = true                           {product lp64_product} {ergonomic}
     bool UseCompressedOops                        = true                           {product lp64_product} {ergonomic}
     bool UseG1GC                                  = true                                      {product} {ergonomic}
     bool UseLargePagesIndividualAllocation        = false                                  {pd product} {ergonomic}

Logging:
Log output configuration:
 #0: stdout all=warning uptime,level,tags
 #1: stderr all=off uptime,level,tags

Environment Variables:
JAVA_HOME=C:\Program Files\Java\jdk-21
PATH=C:\app\hp\product\11.2.0\dbhome_1\bin;C:\Program Files (x86)\VMware\VMware Player\bin\;C:\oraclexe\app\oracle\product\11.2.0\server\bin;C:\Program Files\Common Files\Oracle\Java\javapath;C:\WINDOWS\system32;C:\WINDOWS;C:\WINDOWS\System32\Wbem;C:\WINDOWS\System32\WindowsPowerShell\v1.0\;C:\WINDOWS\System32\OpenSSH\;C:\Program Files\nodejs\;C:\Program Files\Git\cmd;C:\Program Files (x86)\Windows Kits\10\Windows Performance Toolkit\;C:\Users\hp\Downloads\apache-maven-3.9.6\bin;C:\Program Files\Java\jdk-21\bin;C:\xampp\php;C:\ProgramData\ComposerSetup\bin;C:\Users\hp\AppData\Local\Microsoft\WindowsApps;C:\Users\hp\AppData\Roaming\npm;C:\Users\hp\AppData\Local\Programs\Microsoft VS Code\bin;C:\src\flutter\bin;C:\Users\hp\AppData\Roaming\Composer\vendor\bin
USERNAME=hp
OS=Windows_NT
PROCESSOR_IDENTIFIER=Intel64 Family 6 Model 142 Stepping 12, GenuineIntel
TMP=C:\Users\hp\AppData\Local\Temp
TEMP=C:\Users\hp\AppData\Local\Temp



Periodic native trim disabled


---------------  S Y S T E M  ---------------

OS:
 Windows 11 , 64 bit Build 22621 (10.0.22621.3527)
OS uptime: 1 days 4:04 hours
Hyper-V role detected

CPU: total 8 (initial active 8) (4 cores per cpu, 2 threads per core) family 6 model 142 stepping 12 microcode 0xf8, cx8, cmov, fxsr, ht, mmx, 3dnowpref, sse, sse2, sse3, ssse3, sse4.1, sse4.2, popcnt, lzcnt, tsc, tscinvbit, avx, avx2, aes, erms, clmul, bmi1, bmi2, adx, fma, vzeroupper, clflush, clflushopt, hv
Processor Information for processor 0
  Max Mhz: 1896, Current Mhz: 1496, Mhz Limit: 1592
Processor Information for processor 1
  Max Mhz: 1896, Current Mhz: 1496, Mhz Limit: 1592
Processor Information for processor 2
  Max Mhz: 1896, Current Mhz: 1496, Mhz Limit: 1592
Processor Information for processor 3
  Max Mhz: 1896, Current Mhz: 1496, Mhz Limit: 1592
Processor Information for processor 4
  Max Mhz: 1896, Current Mhz: 1496, Mhz Limit: 1592
Processor Information for processor 5
  Max Mhz: 1896, Current Mhz: 1596, Mhz Limit: 1592
Processor Information for processor 6
  Max Mhz: 1896, Current Mhz: 1496, Mhz Limit: 1592
Processor Information for processor 7
  Max Mhz: 1896, Current Mhz: 1496, Mhz Limit: 1592

Memory: 4k page, system-wide physical 7998M (1435M free)
TotalPageFile size 32574M (AvailPageFile size 119M)
current process WorkingSet (physical memory assigned to process): 11M, peak: 11M
current process commit charge ("private bytes"): 60M, peak: 186M

vm_info: OpenJDK 64-Bit Server VM (17.0.10+7) for windows-amd64 JRE (17.0.10+7), built on Jan 16 2024 23:25:11 by "admin" with MS VC++ 16.10 / 16.11 (VS2019)

END.
